c:\users\user\source\repos\pi_project\pi_project\x64\debug\vc141.pdb
c:\users\user\source\repos\pi_project\pi_project\x64\debug\vc141.idb
c:\users\user\source\repos\pi_project\pi_project\x64\debug\guibutton.obj
c:\users\user\source\repos\pi_project\pi_project\x64\debug\guilabel.obj
c:\users\user\source\repos\pi_project\pi_project\x64\debug\guiprogressbar.obj
c:\users\user\source\repos\pi_project\pi_project\x64\debug\table.obj
c:\users\user\source\repos\pi_project\pi_project\x64\debug\guibox.obj
c:\users\user\source\repos\pi_project\pi_project\x64\debug\idisplayable.obj
c:\users\user\source\repos\pi_project\pi_project\x64\debug\idrawable.obj
c:\users\user\source\repos\pi_project\pi_project\x64\debug\scrollbar.obj
c:\users\user\source\repos\pi_project\pi_project\x64\debug\guilayer.obj
c:\users\user\source\repos\pi_project\pi_project\x64\debug\handler.obj
c:\users\user\source\repos\pi_project\pi_project\x64\debug\windowtab.obj
c:\users\user\source\repos\pi_project\x64\debug\pi_project.exe
c:\users\user\source\repos\pi_project\x64\debug\pi_project.ilk
c:\users\user\source\repos\pi_project\x64\debug\pi_project.pdb
c:\users\user\source\repos\pi_project\pi_project\x64\debug\pi_project.tlog\cl.command.1.tlog
c:\users\user\source\repos\pi_project\pi_project\x64\debug\pi_project.tlog\cl.read.1.tlog
c:\users\user\source\repos\pi_project\pi_project\x64\debug\pi_project.tlog\cl.write.1.tlog
c:\users\user\source\repos\pi_project\pi_project\x64\debug\pi_project.tlog\link.command.1.tlog
c:\users\user\source\repos\pi_project\pi_project\x64\debug\pi_project.tlog\link.read.1.tlog
c:\users\user\source\repos\pi_project\pi_project\x64\debug\pi_project.tlog\link.write.1.tlog
